<?xml version="1.0" encoding="UTF-8"?>
<testng-results ignored="0" total="2" passed="2" failed="0" skipped="0">
  <reporter-output>
  </reporter-output>
  <suite started-at="2020-06-10T11:59:54 CLT" name="Suite" finished-at="2020-06-10T12:00:29 CLT" duration-ms="34551">
    <groups>
    </groups>
    <test started-at="2020-06-10T11:59:54 CLT" name="Home Pages" finished-at="2020-06-10T12:00:29 CLT" duration-ms="34551">
      <class name="Academy.HomePages">
        <test-method is-config="true" signature="initialize()[pri:0, instance:Academy.HomePages@41709512]" started-at="2020-06-10T11:59:54 CLT" name="initialize" finished-at="2020-06-10T12:00:01 CLT" duration-ms="6432" status="PASS">
          <reporter-output>
          </reporter-output>
        </test-method> <!-- initialize -->
        <test-method signature="BasePagesNavitgation(java.lang.String, java.lang.String)[pri:0, instance:Academy.HomePages@41709512]" started-at="2020-06-10T12:00:01 CLT" name="BasePagesNavitgation" data-provider="getData" finished-at="2020-06-10T12:00:19 CLT" duration-ms="18447" status="PASS">
          <params>
            <param index="0">
              <value>
                <![CDATA[asdasd@gmail.com]]>
              </value>
            </param>
            <param index="1">
              <value>
                <![CDATA[123123213]]>
              </value>
            </param>
          </params>
          <reporter-output>
          </reporter-output>
        </test-method> <!-- BasePagesNavitgation -->
        <test-method signature="BasePagesNavitgation(java.lang.String, java.lang.String)[pri:0, instance:Academy.HomePages@41709512]" started-at="2020-06-10T12:00:19 CLT" name="BasePagesNavitgation" data-provider="getData" finished-at="2020-06-10T12:00:29 CLT" duration-ms="9421" status="PASS">
          <params>
            <param index="0">
              <value>
                <![CDATA[testasdfacek@adasd.com]]>
              </value>
            </param>
            <param index="1">
              <value>
                <![CDATA[123123213]]>
              </value>
            </param>
          </params>
          <reporter-output>
          </reporter-output>
        </test-method> <!-- BasePagesNavitgation -->
        <test-method is-config="true" signature="teardown()[pri:0, instance:Academy.HomePages@41709512]" started-at="2020-06-10T12:00:29 CLT" name="teardown" finished-at="2020-06-10T12:00:29 CLT" duration-ms="189" status="PASS">
          <reporter-output>
          </reporter-output>
        </test-method> <!-- teardown -->
      </class> <!-- Academy.HomePages -->
    </test> <!-- Home Pages -->
  </suite> <!-- Suite -->
</testng-results>
