<?xml version="1.0" encoding="UTF-8"?>
<testsuite xmlns:xsi="http://www.w3.org/2001/XMLSchema-instance" xsi:noNamespaceSchemaLocation="https://maven.apache.org/surefire/maven-surefire-plugin/xsd/surefire-test-report-3.0.xsd" version="3.0" name="TestSuite" time="39.859" tests="3" errors="0" skipped="0" failures="0">
  <properties>
[...]
</properties>
  <testcase name="BasePagesNavitgation" classname="Academy.HomePages" time="14.544"/>
  <testcase name="BasePagesNavitgation" classname="Academy.HomePages" time="8.646"/>
  <testcase name="BasePagesNavitgation" classname="Academy.ValidateTitle" time="0.138"/>
</testsuite>