<?xml version="1.0" encoding="UTF-8"?>
<!-- Generated by org.testng.reporters.JUnitXMLReporter -->
<testsuite ignored="0" hostname="DESKTOP-3ODQF5O" failures="0" tests="3" name="Home Pages" time="31.745" errors="0" timestamp="2020-06-10T11:22:13 CLT">
  <testcase classname="Academy.ValidateTitle" name="BasePagesNavitgation" time="0.061"/>
  <testcase classname="Academy.HomePages" name="BasePagesNavitgation" time="16.222"/>
  <testcase classname="Academy.HomePages" name="BasePagesNavitgation" time="9.554"/>
</testsuite> <!-- Home Pages -->
